2023-12-19 23:12:241 INFO  LoginPage :57 - Enter username : Admin in user name field [[ChromeDriver: chrome on windows (89508099d32265e152871c9f21872d4b)] -> name: username]
2023-12-19 23:12:512 INFO  LoginPage :59 - Enter Password : admin123 in password field [[ChromeDriver: chrome on windows (89508099d32265e152871c9f21872d4b)] -> name: password]
2023-12-19 23:12:459 INFO  LoginPage :61 - clicking on login button : [[ChromeDriver: chrome on windows (89508099d32265e152871c9f21872d4b)] -> xpath: //button[normalize-space()='Login']]
2023-12-19 23:12:801 INFO  DashboardPage :28 - Get dashboard text : [[ChromeDriver: chrome on windows (89508099d32265e152871c9f21872d4b)] -> xpath: //h6[normalize-space()='Dashboard']]
2023-12-19 23:12:25 INFO  LoginPage :57 - Enter username : Admin in user name field [[ChromeDriver: chrome on windows (a47e0f57c7c99a649f611e57b247e5d8)] -> name: username]
2023-12-19 23:12:261 INFO  LoginPage :59 - Enter Password : admin123 in password field [[ChromeDriver: chrome on windows (a47e0f57c7c99a649f611e57b247e5d8)] -> name: password]
2023-12-19 23:12:383 INFO  LoginPage :61 - clicking on login button : [[ChromeDriver: chrome on windows (a47e0f57c7c99a649f611e57b247e5d8)] -> xpath: //button[normalize-space()='Login']]
2023-12-19 23:12:721 INFO  HomePage :75 - Get logo : [[ChromeDriver: chrome on windows (a47e0f57c7c99a649f611e57b247e5d8)] -> xpath: //img[@alt='client brand banner']]
2023-12-19 23:12:457 INFO  LoginPage :57 - Enter username : Admin in user name field [[ChromeDriver: chrome on windows (697dc58b0017ae7d38d40e7356c40301)] -> name: username]
2023-12-19 23:12:700 INFO  LoginPage :59 - Enter Password : admin123 in password field [[ChromeDriver: chrome on windows (697dc58b0017ae7d38d40e7356c40301)] -> name: password]
2023-12-19 23:12:836 INFO  LoginPage :61 - clicking on login button : [[ChromeDriver: chrome on windows (697dc58b0017ae7d38d40e7356c40301)] -> xpath: //button[normalize-space()='Login']]
2023-12-19 23:12:227 INFO  DashboardPage :34 - Clicking on user profile logo : [[ChromeDriver: chrome on windows (697dc58b0017ae7d38d40e7356c40301)] -> xpath: //p[@class='oxd-userdropdown-name']]
2023-12-19 23:12:474 INFO  DashboardPage :39 - Clicking on logout button : [[ChromeDriver: chrome on windows (697dc58b0017ae7d38d40e7356c40301)] -> link text: Logout]
2023-12-19 23:12:740 INFO  LoginPage :51 - Get login text from : [[ChromeDriver: chrome on windows (697dc58b0017ae7d38d40e7356c40301)] -> xpath: //h5[normalize-space()='Login']]
2023-12-19 23:12:235 INFO  LoginPage :36 - Enter username :  in user name field [[ChromeDriver: chrome on windows (eb4f3ee76a676b38e9c97838fdea449d)] -> name: username]
2023-12-19 23:12:408 INFO  LoginPage :41 - Enter Password :  in password field [[ChromeDriver: chrome on windows (eb4f3ee76a676b38e9c97838fdea449d)] -> name: password]
2023-12-19 23:12:577 INFO  LoginPage :46 - Clicking on login button : [[ChromeDriver: chrome on windows (eb4f3ee76a676b38e9c97838fdea449d)] -> xpath: //button[normalize-space()='Login']]
2023-12-19 23:12:667 INFO  LoginPage :66 - Get error message : [[ChromeDriver: chrome on windows (eb4f3ee76a676b38e9c97838fdea449d)] -> xpath: (//span[@class='oxd-text oxd-text--span oxd-input-field-error-message oxd-input-group__message'][normalize-space()='Required'])[1]]
2023-12-19 23:12:95 INFO  LoginPage :36 - Enter username : test123@gmail.com in user name field [[ChromeDriver: chrome on windows (f9f834555cd5c204448668cea21c9326)] -> name: username]
2023-12-19 23:12:291 INFO  LoginPage :41 - Enter Password :  in password field [[ChromeDriver: chrome on windows (f9f834555cd5c204448668cea21c9326)] -> name: password]
2023-12-19 23:12:419 INFO  LoginPage :46 - Clicking on login button : [[ChromeDriver: chrome on windows (f9f834555cd5c204448668cea21c9326)] -> xpath: //button[normalize-space()='Login']]
2023-12-19 23:12:519 INFO  LoginPage :66 - Get error message : [[ChromeDriver: chrome on windows (f9f834555cd5c204448668cea21c9326)] -> xpath: (//span[@class='oxd-text oxd-text--span oxd-input-field-error-message oxd-input-group__message'][normalize-space()='Required'])[1]]
2023-12-19 23:12:47 INFO  LoginPage :36 - Enter username :  in user name field [[ChromeDriver: chrome on windows (550a157cd2720fe21762362650b8b2bf)] -> name: username]
2023-12-19 23:12:333 INFO  LoginPage :41 - Enter Password : test123 in password field [[ChromeDriver: chrome on windows (550a157cd2720fe21762362650b8b2bf)] -> name: password]
2023-12-19 23:12:502 INFO  LoginPage :46 - Clicking on login button : [[ChromeDriver: chrome on windows (550a157cd2720fe21762362650b8b2bf)] -> xpath: //button[normalize-space()='Login']]
2023-12-19 23:12:591 INFO  LoginPage :66 - Get error message : [[ChromeDriver: chrome on windows (550a157cd2720fe21762362650b8b2bf)] -> xpath: (//span[@class='oxd-text oxd-text--span oxd-input-field-error-message oxd-input-group__message'][normalize-space()='Required'])[1]]
2023-12-19 23:12:365 INFO  LoginPage :36 - Enter username : test123@gmail.com in user name field [[ChromeDriver: chrome on windows (ac66d114b73fceb58ddb6b23511e0292)] -> name: username]
2023-12-19 23:12:589 INFO  LoginPage :41 - Enter Password : test123 in password field [[ChromeDriver: chrome on windows (ac66d114b73fceb58ddb6b23511e0292)] -> name: password]
2023-12-19 23:12:716 INFO  LoginPage :46 - Clicking on login button : [[ChromeDriver: chrome on windows (ac66d114b73fceb58ddb6b23511e0292)] -> xpath: //button[normalize-space()='Login']]
2023-12-19 23:12:822 INFO  LoginPage :57 - Enter username : Admin in user name field [[ChromeDriver: chrome on windows (213c26f3945e6b29f9290cb76e5f09b1)] -> name: username]
2023-12-19 23:12:141 INFO  LoginPage :59 - Enter Password : admin123 in password field [[ChromeDriver: chrome on windows (213c26f3945e6b29f9290cb76e5f09b1)] -> name: password]
2023-12-19 23:12:308 INFO  LoginPage :61 - clicking on login button : [[ChromeDriver: chrome on windows (213c26f3945e6b29f9290cb76e5f09b1)] -> xpath: //button[normalize-space()='Login']]
2023-12-19 23:12:779 INFO  DashboardPage :28 - Get dashboard text : [[ChromeDriver: chrome on windows (213c26f3945e6b29f9290cb76e5f09b1)] -> xpath: //h6[normalize-space()='Dashboard']]
2023-12-19 23:12:453 INFO  LoginPage :57 - Enter username : Admin in user name field [[ChromeDriver: chrome on windows (c4b237907c9bec2dd1099d823db76407)] -> name: username]
2023-12-19 23:12:845 INFO  LoginPage :59 - Enter Password : admin123 in password field [[ChromeDriver: chrome on windows (c4b237907c9bec2dd1099d823db76407)] -> name: password]
2023-12-19 23:12:60 INFO  LoginPage :61 - clicking on login button : [[ChromeDriver: chrome on windows (c4b237907c9bec2dd1099d823db76407)] -> xpath: //button[normalize-space()='Login']]
2023-12-19 23:12:339 INFO  HomePage :75 - Get logo : [[ChromeDriver: chrome on windows (c4b237907c9bec2dd1099d823db76407)] -> xpath: //img[@alt='client brand banner']]
2023-12-19 23:12:475 INFO  LoginPage :57 - Enter username : Admin in user name field [[ChromeDriver: chrome on windows (f1fb4f1510ab3446dfb6c983e9daf223)] -> name: username]
2023-12-19 23:12:943 INFO  LoginPage :59 - Enter Password : admin123 in password field [[ChromeDriver: chrome on windows (f1fb4f1510ab3446dfb6c983e9daf223)] -> name: password]
2023-12-19 23:12:194 INFO  LoginPage :61 - clicking on login button : [[ChromeDriver: chrome on windows (f1fb4f1510ab3446dfb6c983e9daf223)] -> xpath: //button[normalize-space()='Login']]
2023-12-19 23:12:499 INFO  DashboardPage :34 - Clicking on user profile logo : [[ChromeDriver: chrome on windows (f1fb4f1510ab3446dfb6c983e9daf223)] -> xpath: //p[@class='oxd-userdropdown-name']]
2023-12-19 23:12:162 INFO  DashboardPage :39 - Clicking on logout button : [[ChromeDriver: chrome on windows (f1fb4f1510ab3446dfb6c983e9daf223)] -> link text: Logout]
2023-12-19 23:12:546 INFO  LoginPage :51 - Get login text from : [[ChromeDriver: chrome on windows (f1fb4f1510ab3446dfb6c983e9daf223)] -> xpath: //h5[normalize-space()='Login']]
2023-12-19 23:12:404 INFO  LoginPage :36 - Enter username :  in user name field [[ChromeDriver: chrome on windows (e04732509a044b7e6d075b5d283efd50)] -> name: username]
2023-12-19 23:12:779 INFO  LoginPage :41 - Enter Password :  in password field [[ChromeDriver: chrome on windows (e04732509a044b7e6d075b5d283efd50)] -> name: password]
2023-12-19 23:12:115 INFO  LoginPage :46 - Clicking on login button : [[ChromeDriver: chrome on windows (e04732509a044b7e6d075b5d283efd50)] -> xpath: //button[normalize-space()='Login']]
2023-12-19 23:12:376 INFO  LoginPage :66 - Get error message : [[ChromeDriver: chrome on windows (e04732509a044b7e6d075b5d283efd50)] -> xpath: (//span[@class='oxd-text oxd-text--span oxd-input-field-error-message oxd-input-group__message'][normalize-space()='Required'])[1]]
2023-12-19 23:12:591 INFO  LoginPage :36 - Enter username : test123@gmail.com in user name field [[ChromeDriver: chrome on windows (314bf948a7400dcf1ce9d63d84b82660)] -> name: username]
2023-12-19 23:12:905 INFO  LoginPage :41 - Enter Password :  in password field [[ChromeDriver: chrome on windows (314bf948a7400dcf1ce9d63d84b82660)] -> name: password]
2023-12-19 23:12:88 INFO  LoginPage :46 - Clicking on login button : [[ChromeDriver: chrome on windows (314bf948a7400dcf1ce9d63d84b82660)] -> xpath: //button[normalize-space()='Login']]
2023-12-19 23:12:205 INFO  LoginPage :66 - Get error message : [[ChromeDriver: chrome on windows (314bf948a7400dcf1ce9d63d84b82660)] -> xpath: (//span[@class='oxd-text oxd-text--span oxd-input-field-error-message oxd-input-group__message'][normalize-space()='Required'])[1]]
2023-12-19 23:12:439 INFO  LoginPage :36 - Enter username :  in user name field [[ChromeDriver: chrome on windows (ce6fed56ad0bda9a9c3be41cdc71835a)] -> name: username]
2023-12-19 23:12:35 INFO  LoginPage :41 - Enter Password : test123 in password field [[ChromeDriver: chrome on windows (ce6fed56ad0bda9a9c3be41cdc71835a)] -> name: password]
2023-12-19 23:12:337 INFO  LoginPage :46 - Clicking on login button : [[ChromeDriver: chrome on windows (ce6fed56ad0bda9a9c3be41cdc71835a)] -> xpath: //button[normalize-space()='Login']]
2023-12-19 23:12:459 INFO  LoginPage :66 - Get error message : [[ChromeDriver: chrome on windows (ce6fed56ad0bda9a9c3be41cdc71835a)] -> xpath: (//span[@class='oxd-text oxd-text--span oxd-input-field-error-message oxd-input-group__message'][normalize-space()='Required'])[1]]
2023-12-19 23:12:644 INFO  LoginPage :36 - Enter username : test123@gmail.com in user name field [[ChromeDriver: chrome on windows (11c3719f57007a9056c263945abeffa3)] -> name: username]
2023-12-19 23:12:161 INFO  LoginPage :41 - Enter Password : test123 in password field [[ChromeDriver: chrome on windows (11c3719f57007a9056c263945abeffa3)] -> name: password]
2023-12-19 23:12:05 INFO  LoginPage :46 - Clicking on login button : [[ChromeDriver: chrome on windows (11c3719f57007a9056c263945abeffa3)] -> xpath: //button[normalize-space()='Login']]
2023-12-19 23:12:278 INFO  LoginPage :57 - Enter username : Admin in user name field [[ChromeDriver: chrome on windows (c72f4b6b6ebb105e73bce879b4efd843)] -> name: username]
2023-12-19 23:12:737 INFO  LoginPage :59 - Enter Password : admin123 in password field [[ChromeDriver: chrome on windows (c72f4b6b6ebb105e73bce879b4efd843)] -> name: password]
2023-12-19 23:12:976 INFO  LoginPage :61 - clicking on login button : [[ChromeDriver: chrome on windows (c72f4b6b6ebb105e73bce879b4efd843)] -> xpath: //button[normalize-space()='Login']]
2023-12-19 23:12:192 INFO  DashboardPage :28 - Get dashboard text : [[ChromeDriver: chrome on windows (c72f4b6b6ebb105e73bce879b4efd843)] -> xpath: //h6[normalize-space()='Dashboard']]
2023-12-19 23:12:696 INFO  LoginPage :57 - Enter username : Admin in user name field [[ChromeDriver: chrome on windows (414c4e3210f04e5d965bf3d5d18f79ce)] -> name: username]
2023-12-19 23:12:50 INFO  LoginPage :59 - Enter Password : admin123 in password field [[ChromeDriver: chrome on windows (414c4e3210f04e5d965bf3d5d18f79ce)] -> name: password]
2023-12-19 23:12:358 INFO  LoginPage :61 - clicking on login button : [[ChromeDriver: chrome on windows (414c4e3210f04e5d965bf3d5d18f79ce)] -> xpath: //button[normalize-space()='Login']]
2023-12-19 23:12:839 INFO  HomePage :75 - Get logo : [[ChromeDriver: chrome on windows (414c4e3210f04e5d965bf3d5d18f79ce)] -> xpath: //img[@alt='client brand banner']]
2023-12-19 23:12:413 INFO  LoginPage :57 - Enter username : Admin in user name field [[ChromeDriver: chrome on windows (31d13a726acefa1ecdce64bfbb592eaa)] -> name: username]
2023-12-19 23:12:981 INFO  LoginPage :59 - Enter Password : admin123 in password field [[ChromeDriver: chrome on windows (31d13a726acefa1ecdce64bfbb592eaa)] -> name: password]
2023-12-19 23:12:199 INFO  LoginPage :61 - clicking on login button : [[ChromeDriver: chrome on windows (31d13a726acefa1ecdce64bfbb592eaa)] -> xpath: //button[normalize-space()='Login']]
2023-12-19 23:12:528 INFO  HomePage :54 - Clicking on admin : [[ChromeDriver: chrome on windows (31d13a726acefa1ecdce64bfbb592eaa)] -> xpath: //li[1]//a[1]//span[1]]
2023-12-19 23:12:38 INFO  ViewSystemUsersPage :78 - Get system user text from : [[ChromeDriver: chrome on windows (31d13a726acefa1ecdce64bfbb592eaa)] -> xpath: //h5[normalize-space()='System Users']]
2023-12-19 23:12:173 INFO  ViewSystemUsersPage :120 - Clicking on add button : [[ChromeDriver: chrome on windows (31d13a726acefa1ecdce64bfbb592eaa)] -> xpath: //button[normalize-space()='Add']]
2023-12-19 23:12:595 INFO  AddUserPage :102 - Get add user text : [[ChromeDriver: chrome on windows (31d13a726acefa1ecdce64bfbb592eaa)] -> xpath: //h6[normalize-space()='Add User']]
2023-12-19 23:12:215 INFO  AddUserPage :56 - Select user role from: [[ChromeDriver: chrome on windows (31d13a726acefa1ecdce64bfbb592eaa)] -> css selector:  body > div:nth-child(3) > div:nth-child(1) > div:nth-child(2) > div:nth-child(2) > div:nth-child(1) > div:nth-child(1) > form:nth-child(3) > div:nth-child(1) > div:nth-child(1) > div:nth-child(1) > div:nth-child(1) > div:nth-child(2) > div:nth-child(1) > div:nth-child(1) > div:nth-child(1)]
2023-12-19 23:12:947 INFO  AddUserPage :66 - Enter employee name : Ananya Dash in employee field [[ChromeDriver: chrome on windows (31d13a726acefa1ecdce64bfbb592eaa)] -> xpath: //input[@placeholder='Type for hints...']]
2023-12-19 23:12:258 INFO  AddUserPage :61 - Enter user name : ananya12 in username field [[ChromeDriver: chrome on windows (31d13a726acefa1ecdce64bfbb592eaa)] -> xpath: (//input[@class='oxd-input oxd-input--active'])[2]]
2023-12-19 23:12:250 INFO  LoginPage :57 - Enter username : Admin in user name field [[ChromeDriver: chrome on windows (57a24ee86d3a320d201188b09764c995)] -> name: username]
2023-12-19 23:12:725 INFO  LoginPage :59 - Enter Password : admin123 in password field [[ChromeDriver: chrome on windows (57a24ee86d3a320d201188b09764c995)] -> name: password]
2023-12-19 23:12:875 INFO  LoginPage :61 - clicking on login button : [[ChromeDriver: chrome on windows (57a24ee86d3a320d201188b09764c995)] -> xpath: //button[normalize-space()='Login']]
2023-12-19 23:12:493 INFO  HomePage :54 - Clicking on admin : [[ChromeDriver: chrome on windows (57a24ee86d3a320d201188b09764c995)] -> xpath: //li[1]//a[1]//span[1]]
2023-12-19 23:12:18 INFO  ViewSystemUsersPage :78 - Get system user text from : [[ChromeDriver: chrome on windows (57a24ee86d3a320d201188b09764c995)] -> xpath: //h5[normalize-space()='System Users']]
2023-12-19 23:12:901 INFO  ViewSystemUsersPage :84 - Enter User name : Linda.Anderson in username field [[ChromeDriver: chrome on windows (57a24ee86d3a320d201188b09764c995)] -> xpath: //div[@class='oxd-input-group oxd-input-field-bottom-space']//div//input[@class='oxd-input oxd-input--active']]
2023-12-19 23:12:197 INFO  ViewSystemUsersPage :89 - Enter user role : Admin [[ChromeDriver: chrome on windows (57a24ee86d3a320d201188b09764c995)] -> xpath: (//div[contains(text(),'-- Select --')])[1]]
2023-12-19 23:12:522 INFO  ViewSystemUsersPage :99 - Enter status : Enabled in status box [[ChromeDriver: chrome on windows (57a24ee86d3a320d201188b09764c995)] -> xpath: (//div[contains(text(),'-- Select --')])[2]]
2023-12-19 23:12:903 INFO  ViewSystemUsersPage :104 - Clicking on search button : [[ChromeDriver: chrome on windows (57a24ee86d3a320d201188b09764c995)] -> xpath: //button[normalize-space()='Search']]
2023-12-19 23:12:58 INFO  ViewSystemUsersPage :131 - Get text : Linda.Anderson[[ChromeDriver: chrome on windows (57a24ee86d3a320d201188b09764c995)] -> xpath: //div[contains(text(),'Linda.Anderson')]]
2023-12-19 23:12:71 INFO  LoginPage :57 - Enter username : Admin in user name field [[ChromeDriver: chrome on windows (a795ebb35684d87d904538cdfaafb2be)] -> name: username]
2023-12-19 23:12:535 INFO  LoginPage :59 - Enter Password : admin123 in password field [[ChromeDriver: chrome on windows (a795ebb35684d87d904538cdfaafb2be)] -> name: password]
2023-12-19 23:12:758 INFO  LoginPage :61 - clicking on login button : [[ChromeDriver: chrome on windows (a795ebb35684d87d904538cdfaafb2be)] -> xpath: //button[normalize-space()='Login']]
2023-12-19 23:12:282 INFO  DashboardPage :28 - Get dashboard text : [[ChromeDriver: chrome on windows (a795ebb35684d87d904538cdfaafb2be)] -> xpath: //h6[normalize-space()='Dashboard']]
2023-12-19 23:12:55 INFO  LoginPage :57 - Enter username : Admin in user name field [[ChromeDriver: chrome on windows (e5d66b0266f4cd979b921f528d9a4c1e)] -> name: username]
2023-12-19 23:12:613 INFO  LoginPage :59 - Enter Password : admin123 in password field [[ChromeDriver: chrome on windows (e5d66b0266f4cd979b921f528d9a4c1e)] -> name: password]
2023-12-19 23:12:926 INFO  LoginPage :61 - clicking on login button : [[ChromeDriver: chrome on windows (e5d66b0266f4cd979b921f528d9a4c1e)] -> xpath: //button[normalize-space()='Login']]
2023-12-19 23:12:472 INFO  HomePage :75 - Get logo : [[ChromeDriver: chrome on windows (e5d66b0266f4cd979b921f528d9a4c1e)] -> xpath: //img[@alt='client brand banner']]
2023-12-19 23:12:896 INFO  LoginPage :57 - Enter username : Admin in user name field [[ChromeDriver: chrome on windows (8be87a4db3ed77cb9eb24a8bcd8f9bba)] -> name: username]
2023-12-19 23:12:99 INFO  LoginPage :59 - Enter Password : admin123 in password field [[ChromeDriver: chrome on windows (8be87a4db3ed77cb9eb24a8bcd8f9bba)] -> name: password]
2023-12-19 23:12:250 INFO  LoginPage :61 - clicking on login button : [[ChromeDriver: chrome on windows (8be87a4db3ed77cb9eb24a8bcd8f9bba)] -> xpath: //button[normalize-space()='Login']]
2023-12-19 23:12:601 INFO  DashboardPage :34 - Clicking on user profile logo : [[ChromeDriver: chrome on windows (8be87a4db3ed77cb9eb24a8bcd8f9bba)] -> xpath: //p[@class='oxd-userdropdown-name']]
2023-12-19 23:12:413 INFO  DashboardPage :39 - Clicking on logout button : [[ChromeDriver: chrome on windows (8be87a4db3ed77cb9eb24a8bcd8f9bba)] -> link text: Logout]
2023-12-19 23:12:714 INFO  LoginPage :51 - Get login text from : [[ChromeDriver: chrome on windows (8be87a4db3ed77cb9eb24a8bcd8f9bba)] -> xpath: //h5[normalize-space()='Login']]
2023-12-19 23:12:300 INFO  LoginPage :36 - Enter username :  in user name field [[ChromeDriver: chrome on windows (3aab2f53f3c86fdc3668ae993e44f142)] -> name: username]
2023-12-19 23:12:511 INFO  LoginPage :41 - Enter Password :  in password field [[ChromeDriver: chrome on windows (3aab2f53f3c86fdc3668ae993e44f142)] -> name: password]
2023-12-19 23:12:679 INFO  LoginPage :46 - Clicking on login button : [[ChromeDriver: chrome on windows (3aab2f53f3c86fdc3668ae993e44f142)] -> xpath: //button[normalize-space()='Login']]
2023-12-19 23:12:793 INFO  LoginPage :66 - Get error message : [[ChromeDriver: chrome on windows (3aab2f53f3c86fdc3668ae993e44f142)] -> xpath: (//span[@class='oxd-text oxd-text--span oxd-input-field-error-message oxd-input-group__message'][normalize-space()='Required'])[1]]
2023-12-19 23:12:184 INFO  LoginPage :36 - Enter username : test123@gmail.com in user name field [[ChromeDriver: chrome on windows (2e3eeace9e329b4f90986815d95cfb77)] -> name: username]
2023-12-19 23:12:378 INFO  LoginPage :41 - Enter Password :  in password field [[ChromeDriver: chrome on windows (2e3eeace9e329b4f90986815d95cfb77)] -> name: password]
2023-12-19 23:12:550 INFO  LoginPage :46 - Clicking on login button : [[ChromeDriver: chrome on windows (2e3eeace9e329b4f90986815d95cfb77)] -> xpath: //button[normalize-space()='Login']]
2023-12-19 23:12:684 INFO  LoginPage :66 - Get error message : [[ChromeDriver: chrome on windows (2e3eeace9e329b4f90986815d95cfb77)] -> xpath: (//span[@class='oxd-text oxd-text--span oxd-input-field-error-message oxd-input-group__message'][normalize-space()='Required'])[1]]
2023-12-19 23:12:198 INFO  LoginPage :36 - Enter username :  in user name field [[ChromeDriver: chrome on windows (efa5ae6b1a3eb66a8a169e2a18e0fc91)] -> name: username]
2023-12-19 23:12:444 INFO  LoginPage :41 - Enter Password : test123 in password field [[ChromeDriver: chrome on windows (efa5ae6b1a3eb66a8a169e2a18e0fc91)] -> name: password]
2023-12-19 23:12:611 INFO  LoginPage :46 - Clicking on login button : [[ChromeDriver: chrome on windows (efa5ae6b1a3eb66a8a169e2a18e0fc91)] -> xpath: //button[normalize-space()='Login']]
2023-12-19 23:12:706 INFO  LoginPage :66 - Get error message : [[ChromeDriver: chrome on windows (efa5ae6b1a3eb66a8a169e2a18e0fc91)] -> xpath: (//span[@class='oxd-text oxd-text--span oxd-input-field-error-message oxd-input-group__message'][normalize-space()='Required'])[1]]
2023-12-19 23:12:123 INFO  LoginPage :36 - Enter username : test123@gmail.com in user name field [[ChromeDriver: chrome on windows (a44ecfcbde1d689a9ce3e35843643c77)] -> name: username]
2023-12-19 23:12:374 INFO  LoginPage :41 - Enter Password : test123 in password field [[ChromeDriver: chrome on windows (a44ecfcbde1d689a9ce3e35843643c77)] -> name: password]
2023-12-19 23:12:925 INFO  LoginPage :46 - Clicking on login button : [[ChromeDriver: chrome on windows (a44ecfcbde1d689a9ce3e35843643c77)] -> xpath: //button[normalize-space()='Login']]
2023-12-19 23:12:285 INFO  LoginPage :57 - Enter username : Admin in user name field [[ChromeDriver: chrome on windows (7b64de8406dcff1e8e1f67904606f212)] -> name: username]
2023-12-19 23:12:494 INFO  LoginPage :59 - Enter Password : admin123 in password field [[ChromeDriver: chrome on windows (7b64de8406dcff1e8e1f67904606f212)] -> name: password]
2023-12-19 23:12:629 INFO  LoginPage :61 - clicking on login button : [[ChromeDriver: chrome on windows (7b64de8406dcff1e8e1f67904606f212)] -> xpath: //button[normalize-space()='Login']]
2023-12-19 23:12:947 INFO  HomePage :54 - Clicking on admin : [[ChromeDriver: chrome on windows (7b64de8406dcff1e8e1f67904606f212)] -> xpath: //li[1]//a[1]//span[1]]
2023-12-19 23:12:399 INFO  ViewSystemUsersPage :78 - Get system user text from : [[ChromeDriver: chrome on windows (7b64de8406dcff1e8e1f67904606f212)] -> xpath: //h5[normalize-space()='System Users']]
2023-12-19 23:12:203 INFO  ViewSystemUsersPage :120 - Clicking on add button : [[ChromeDriver: chrome on windows (7b64de8406dcff1e8e1f67904606f212)] -> xpath: //button[normalize-space()='Add']]
2023-12-19 23:12:483 INFO  AddUserPage :102 - Get add user text : [[ChromeDriver: chrome on windows (7b64de8406dcff1e8e1f67904606f212)] -> xpath: //h6[normalize-space()='Add User']]
2023-12-19 23:12:727 INFO  AddUserPage :56 - Select user role from: [[ChromeDriver: chrome on windows (7b64de8406dcff1e8e1f67904606f212)] -> css selector:  body > div:nth-child(3) > div:nth-child(1) > div:nth-child(2) > div:nth-child(2) > div:nth-child(1) > div:nth-child(1) > form:nth-child(3) > div:nth-child(1) > div:nth-child(1) > div:nth-child(1) > div:nth-child(1) > div:nth-child(2) > div:nth-child(1) > div:nth-child(1) > div:nth-child(1)]
2023-12-19 23:12:132 INFO  AddUserPage :66 - Enter employee name : Ananya Dash in employee field [[ChromeDriver: chrome on windows (7b64de8406dcff1e8e1f67904606f212)] -> xpath: //input[@placeholder='Type for hints...']]
2023-12-19 23:12:490 INFO  AddUserPage :61 - Enter user name : ananya12 in username field [[ChromeDriver: chrome on windows (7b64de8406dcff1e8e1f67904606f212)] -> xpath: (//input[@class='oxd-input oxd-input--active'])[2]]
2023-12-19 23:12:619 INFO  LoginPage :57 - Enter username : Admin in user name field [[ChromeDriver: chrome on windows (28caf4007b283946048fe91b8e015793)] -> name: username]
2023-12-19 23:12:870 INFO  LoginPage :59 - Enter Password : admin123 in password field [[ChromeDriver: chrome on windows (28caf4007b283946048fe91b8e015793)] -> name: password]
2023-12-19 23:12:988 INFO  LoginPage :61 - clicking on login button : [[ChromeDriver: chrome on windows (28caf4007b283946048fe91b8e015793)] -> xpath: //button[normalize-space()='Login']]
2023-12-19 23:12:18 INFO  HomePage :54 - Clicking on admin : [[ChromeDriver: chrome on windows (28caf4007b283946048fe91b8e015793)] -> xpath: //li[1]//a[1]//span[1]]
2023-12-19 23:12:501 INFO  ViewSystemUsersPage :78 - Get system user text from : [[ChromeDriver: chrome on windows (28caf4007b283946048fe91b8e015793)] -> xpath: //h5[normalize-space()='System Users']]
2023-12-19 23:12:147 INFO  ViewSystemUsersPage :84 - Enter User name : Linda.Anderson in username field [[ChromeDriver: chrome on windows (28caf4007b283946048fe91b8e015793)] -> xpath: //div[@class='oxd-input-group oxd-input-field-bottom-space']//div//input[@class='oxd-input oxd-input--active']]
2023-12-19 23:12:362 INFO  ViewSystemUsersPage :89 - Enter user role : Admin [[ChromeDriver: chrome on windows (28caf4007b283946048fe91b8e015793)] -> xpath: (//div[contains(text(),'-- Select --')])[1]]
2023-12-19 23:12:597 INFO  ViewSystemUsersPage :99 - Enter status : Enabled in status box [[ChromeDriver: chrome on windows (28caf4007b283946048fe91b8e015793)] -> xpath: (//div[contains(text(),'-- Select --')])[2]]
2023-12-19 23:12:872 INFO  ViewSystemUsersPage :104 - Clicking on search button : [[ChromeDriver: chrome on windows (28caf4007b283946048fe91b8e015793)] -> xpath: //button[normalize-space()='Search']]
2023-12-19 23:12:06 INFO  ViewSystemUsersPage :131 - Get text : Linda.Anderson[[ChromeDriver: chrome on windows (28caf4007b283946048fe91b8e015793)] -> xpath: //div[contains(text(),'Linda.Anderson')]]
2023-12-19 23:12:885 INFO  LoginPage :57 - Enter username : Admin in user name field [[ChromeDriver: chrome on windows (72a3e6fc2c891261b084c26609e170e8)] -> name: username]
2023-12-19 23:12:87 INFO  LoginPage :59 - Enter Password : admin123 in password field [[ChromeDriver: chrome on windows (72a3e6fc2c891261b084c26609e170e8)] -> name: password]
2023-12-19 23:12:214 INFO  LoginPage :61 - clicking on login button : [[ChromeDriver: chrome on windows (72a3e6fc2c891261b084c26609e170e8)] -> xpath: //button[normalize-space()='Login']]
2023-12-19 23:12:676 INFO  HomePage :54 - Clicking on admin : [[ChromeDriver: chrome on windows (72a3e6fc2c891261b084c26609e170e8)] -> xpath: //li[1]//a[1]//span[1]]
2023-12-19 23:12:32 INFO  ViewSystemUsersPage :78 - Get system user text from : [[ChromeDriver: chrome on windows (72a3e6fc2c891261b084c26609e170e8)] -> xpath: //h5[normalize-space()='System Users']]
2023-12-19 23:12:718 INFO  ViewSystemUsersPage :84 - Enter User name : Linda.Anderson in username field [[ChromeDriver: chrome on windows (72a3e6fc2c891261b084c26609e170e8)] -> xpath: //div[@class='oxd-input-group oxd-input-field-bottom-space']//div//input[@class='oxd-input oxd-input--active']]
2023-12-19 23:12:956 INFO  ViewSystemUsersPage :89 - Enter user role : Admin [[ChromeDriver: chrome on windows (72a3e6fc2c891261b084c26609e170e8)] -> xpath: (//div[contains(text(),'-- Select --')])[1]]
2023-12-19 23:12:213 INFO  ViewSystemUsersPage :99 - Enter status : Enabled in status box [[ChromeDriver: chrome on windows (72a3e6fc2c891261b084c26609e170e8)] -> xpath: (//div[contains(text(),'-- Select --')])[2]]
2023-12-19 23:12:497 INFO  ViewSystemUsersPage :104 - Clicking on search button : [[ChromeDriver: chrome on windows (72a3e6fc2c891261b084c26609e170e8)] -> xpath: //button[normalize-space()='Search']]
2023-12-19 23:12:635 INFO  ViewSystemUsersPage :131 - Get text : Linda.Anderson[[ChromeDriver: chrome on windows (72a3e6fc2c891261b084c26609e170e8)] -> xpath: //div[contains(text(),'Linda.Anderson')]]
2023-12-19 23:12:109 INFO  ViewSystemUsersPage :143 - Clicking on check box : [[ChromeDriver: chrome on windows (72a3e6fc2c891261b084c26609e170e8)] -> xpath: //div[@class='oxd-table-card-cell-checkbox']//i[@class='oxd-icon bi-check oxd-checkbox-input-icon']]
2023-12-19 23:12:365 INFO  ViewSystemUsersPage :148 - Clicking on delete button : [[ChromeDriver: chrome on windows (72a3e6fc2c891261b084c26609e170e8)] -> xpath: (//i[@class='oxd-icon bi-trash'])[1]]
2023-12-19 23:12:507 INFO  ViewSystemUsersPage :153 - Get popup window : [[ChromeDriver: chrome on windows (72a3e6fc2c891261b084c26609e170e8)] -> xpath: (//div[@role='document'])[1]]
2023-12-19 23:12:754 INFO  ViewSystemUsersPage :158 - Click on yes : [[ChromeDriver: chrome on windows (72a3e6fc2c891261b084c26609e170e8)] -> xpath: //button[normalize-space()='Yes, Delete']]
2023-12-19 23:12:828 INFO  LoginPage :57 - Enter username : Admin in user name field [[ChromeDriver: chrome on windows (cc264dfb024634a86fa46006fdb50838)] -> name: username]
2023-12-19 23:12:64 INFO  LoginPage :59 - Enter Password : admin123 in password field [[ChromeDriver: chrome on windows (cc264dfb024634a86fa46006fdb50838)] -> name: password]
2023-12-19 23:12:33 INFO  LoginPage :61 - clicking on login button : [[ChromeDriver: chrome on windows (cc264dfb024634a86fa46006fdb50838)] -> xpath: //button[normalize-space()='Login']]
2023-12-19 23:12:404 INFO  HomePage :54 - Clicking on admin : [[ChromeDriver: chrome on windows (cc264dfb024634a86fa46006fdb50838)] -> xpath: //li[1]//a[1]//span[1]]
2023-12-19 23:12:818 INFO  ViewSystemUsersPage :78 - Get system user text from : [[ChromeDriver: chrome on windows (cc264dfb024634a86fa46006fdb50838)] -> xpath: //h5[normalize-space()='System Users']]
2023-12-19 23:12:364 INFO  ViewSystemUsersPage :84 - Enter User name : Admin in username field [[ChromeDriver: chrome on windows (cc264dfb024634a86fa46006fdb50838)] -> xpath: //div[@class='oxd-input-group oxd-input-field-bottom-space']//div//input[@class='oxd-input oxd-input--active']]
2023-12-19 23:12:590 INFO  ViewSystemUsersPage :89 - Enter user role : Admin [[ChromeDriver: chrome on windows (cc264dfb024634a86fa46006fdb50838)] -> xpath: (//div[contains(text(),'-- Select --')])[1]]
2023-12-19 23:12:72 INFO  ViewSystemUsersPage :94 - Enter employee name : Paul Collings in employee name field [[ChromeDriver: chrome on windows (cc264dfb024634a86fa46006fdb50838)] -> xpath: //input[@placeholder='Type for hints...']]
2023-12-19 23:12:663 INFO  ViewSystemUsersPage :99 - Enter status : Enabled in status box [[ChromeDriver: chrome on windows (cc264dfb024634a86fa46006fdb50838)] -> xpath: (//div[contains(text(),'-- Select --')])[2]]
2023-12-19 23:12:962 INFO  ViewSystemUsersPage :104 - Clicking on search button : [[ChromeDriver: chrome on windows (cc264dfb024634a86fa46006fdb50838)] -> xpath: //button[normalize-space()='Search']]
2023-12-19 23:12:107 INFO  ViewSystemUsersPage :125 - Get deleted successfully text : [[ChromeDriver: chrome on windows (cc264dfb024634a86fa46006fdb50838)] -> xpath: //span[@class='oxd-text oxd-text--span']]
2023-12-19 23:12:994 INFO  LoginPage :57 - Enter username : Admin in user name field [[ChromeDriver: chrome on windows (b01af1b75ddb3c203358d9266fc18e8d)] -> name: username]
2023-12-19 23:12:220 INFO  LoginPage :59 - Enter Password : admin123 in password field [[ChromeDriver: chrome on windows (b01af1b75ddb3c203358d9266fc18e8d)] -> name: password]
2023-12-19 23:12:342 INFO  LoginPage :61 - clicking on login button : [[ChromeDriver: chrome on windows (b01af1b75ddb3c203358d9266fc18e8d)] -> xpath: //button[normalize-space()='Login']]
2023-12-19 23:12:639 INFO  HomePage :54 - Clicking on admin : [[ChromeDriver: chrome on windows (b01af1b75ddb3c203358d9266fc18e8d)] -> xpath: //li[1]//a[1]//span[1]]
2023-12-19 23:12:01 INFO  ViewSystemUsersPage :78 - Get system user text from : [[ChromeDriver: chrome on windows (b01af1b75ddb3c203358d9266fc18e8d)] -> xpath: //h5[normalize-space()='System Users']]
2023-12-19 23:12:595 INFO  ViewSystemUsersPage :84 - Enter User name : Cassidy.Hope in username field [[ChromeDriver: chrome on windows (b01af1b75ddb3c203358d9266fc18e8d)] -> xpath: //div[@class='oxd-input-group oxd-input-field-bottom-space']//div//input[@class='oxd-input oxd-input--active']]
2023-12-19 23:12:789 INFO  ViewSystemUsersPage :89 - Enter user role : Admin [[ChromeDriver: chrome on windows (b01af1b75ddb3c203358d9266fc18e8d)] -> xpath: (//div[contains(text(),'-- Select --')])[1]]
2023-12-19 23:12:232 INFO  ViewSystemUsersPage :94 - Enter employee name : Cassidy Hope in employee name field [[ChromeDriver: chrome on windows (b01af1b75ddb3c203358d9266fc18e8d)] -> xpath: //input[@placeholder='Type for hints...']]
2023-12-19 23:12:704 INFO  ViewSystemUsersPage :99 - Enter status : Enabled in status box [[ChromeDriver: chrome on windows (b01af1b75ddb3c203358d9266fc18e8d)] -> xpath: (//div[contains(text(),'-- Select --')])[2]]
2023-12-19 23:12:62 INFO  ViewSystemUsersPage :104 - Clicking on search button : [[ChromeDriver: chrome on windows (b01af1b75ddb3c203358d9266fc18e8d)] -> xpath: //button[normalize-space()='Search']]
2023-12-19 23:12:204 INFO  ViewSystemUsersPage :125 - Get deleted successfully text : [[ChromeDriver: chrome on windows (b01af1b75ddb3c203358d9266fc18e8d)] -> xpath: //span[@class='oxd-text oxd-text--span']]
2023-12-19 23:12:203 INFO  LoginPage :57 - Enter username : Admin in user name field [[ChromeDriver: chrome on windows (6a00f5de0058c5d1ca5ce19895fa1d44)] -> name: username]
2023-12-19 23:12:425 INFO  LoginPage :59 - Enter Password : admin123 in password field [[ChromeDriver: chrome on windows (6a00f5de0058c5d1ca5ce19895fa1d44)] -> name: password]
2023-12-19 23:12:327 INFO  LoginPage :61 - clicking on login button : [[ChromeDriver: chrome on windows (6a00f5de0058c5d1ca5ce19895fa1d44)] -> xpath: //button[normalize-space()='Login']]
2023-12-19 23:12:797 INFO  HomePage :54 - Clicking on admin : [[ChromeDriver: chrome on windows (6a00f5de0058c5d1ca5ce19895fa1d44)] -> xpath: //li[1]//a[1]//span[1]]
2023-12-19 23:12:154 INFO  ViewSystemUsersPage :78 - Get system user text from : [[ChromeDriver: chrome on windows (6a00f5de0058c5d1ca5ce19895fa1d44)] -> xpath: //h5[normalize-space()='System Users']]
2023-12-19 23:12:760 INFO  ViewSystemUsersPage :84 - Enter User name : Nina.Patel in username field [[ChromeDriver: chrome on windows (6a00f5de0058c5d1ca5ce19895fa1d44)] -> xpath: //div[@class='oxd-input-group oxd-input-field-bottom-space']//div//input[@class='oxd-input oxd-input--active']]
2023-12-19 23:12:971 INFO  ViewSystemUsersPage :89 - Enter user role : Admin [[ChromeDriver: chrome on windows (6a00f5de0058c5d1ca5ce19895fa1d44)] -> xpath: (//div[contains(text(),'-- Select --')])[1]]
2023-12-19 23:12:291 INFO  ViewSystemUsersPage :94 - Enter employee name : Nina Patel in employee name field [[ChromeDriver: chrome on windows (6a00f5de0058c5d1ca5ce19895fa1d44)] -> xpath: //input[@placeholder='Type for hints...']]
2023-12-19 23:12:802 INFO  ViewSystemUsersPage :99 - Enter status : Enabled in status box [[ChromeDriver: chrome on windows (6a00f5de0058c5d1ca5ce19895fa1d44)] -> xpath: (//div[contains(text(),'-- Select --')])[2]]
2023-12-19 23:12:147 INFO  ViewSystemUsersPage :104 - Clicking on search button : [[ChromeDriver: chrome on windows (6a00f5de0058c5d1ca5ce19895fa1d44)] -> xpath: //button[normalize-space()='Search']]
2023-12-19 23:12:287 INFO  ViewSystemUsersPage :125 - Get deleted successfully text : [[ChromeDriver: chrome on windows (6a00f5de0058c5d1ca5ce19895fa1d44)] -> xpath: //span[@class='oxd-text oxd-text--span']]
2023-12-19 23:12:314 INFO  LoginPage :57 - Enter username : Admin in user name field [[ChromeDriver: chrome on windows (05e3f3446e5adb4d027981c265efa7cd)] -> name: username]
2023-12-19 23:12:505 INFO  LoginPage :59 - Enter Password : admin123 in password field [[ChromeDriver: chrome on windows (05e3f3446e5adb4d027981c265efa7cd)] -> name: password]
2023-12-19 23:12:523 INFO  LoginPage :61 - clicking on login button : [[ChromeDriver: chrome on windows (05e3f3446e5adb4d027981c265efa7cd)] -> xpath: //button[normalize-space()='Login']]
2023-12-19 23:12:979 INFO  HomePage :54 - Clicking on admin : [[ChromeDriver: chrome on windows (05e3f3446e5adb4d027981c265efa7cd)] -> xpath: //li[1]//a[1]//span[1]]
2023-12-19 23:12:337 INFO  ViewSystemUsersPage :78 - Get system user text from : [[ChromeDriver: chrome on windows (05e3f3446e5adb4d027981c265efa7cd)] -> xpath: //h5[normalize-space()='System Users']]
2023-12-19 23:12:860 INFO  ViewSystemUsersPage :84 - Enter User name : Odis.Adalwin in username field [[ChromeDriver: chrome on windows (05e3f3446e5adb4d027981c265efa7cd)] -> xpath: //div[@class='oxd-input-group oxd-input-field-bottom-space']//div//input[@class='oxd-input oxd-input--active']]
2023-12-19 23:12:53 INFO  ViewSystemUsersPage :89 - Enter user role : Admin [[ChromeDriver: chrome on windows (05e3f3446e5adb4d027981c265efa7cd)] -> xpath: (//div[contains(text(),'-- Select --')])[1]]
2023-12-19 23:12:285 INFO  ViewSystemUsersPage :94 - Enter employee name : Odis Adalwin in employee name field [[ChromeDriver: chrome on windows (05e3f3446e5adb4d027981c265efa7cd)] -> xpath: //input[@placeholder='Type for hints...']]
2023-12-19 23:12:662 INFO  ViewSystemUsersPage :99 - Enter status : Enabled in status box [[ChromeDriver: chrome on windows (05e3f3446e5adb4d027981c265efa7cd)] -> xpath: (//div[contains(text(),'-- Select --')])[2]]
2023-12-19 23:12:907 INFO  ViewSystemUsersPage :104 - Clicking on search button : [[ChromeDriver: chrome on windows (05e3f3446e5adb4d027981c265efa7cd)] -> xpath: //button[normalize-space()='Search']]
2023-12-19 23:12:33 INFO  ViewSystemUsersPage :125 - Get deleted successfully text : [[ChromeDriver: chrome on windows (05e3f3446e5adb4d027981c265efa7cd)] -> xpath: //span[@class='oxd-text oxd-text--span']]
2023-12-19 23:12:340 INFO  LoginPage :57 - Enter username : Admin in user name field [[ChromeDriver: chrome on windows (af6b5c7013fb7163651d0edb20f5c553)] -> name: username]
2023-12-19 23:12:579 INFO  LoginPage :59 - Enter Password : admin123 in password field [[ChromeDriver: chrome on windows (af6b5c7013fb7163651d0edb20f5c553)] -> name: password]
2023-12-19 23:12:416 INFO  LoginPage :61 - clicking on login button : [[ChromeDriver: chrome on windows (af6b5c7013fb7163651d0edb20f5c553)] -> xpath: //button[normalize-space()='Login']]
2023-12-19 23:12:665 INFO  DashboardPage :28 - Get dashboard text : [[ChromeDriver: chrome on windows (af6b5c7013fb7163651d0edb20f5c553)] -> xpath: //h6[normalize-space()='Dashboard']]
2023-12-19 23:12:610 INFO  LoginPage :57 - Enter username : Admin in user name field [[ChromeDriver: chrome on windows (a626c1461b619b9e2a2b1a932d580ec2)] -> name: username]
2023-12-19 23:12:819 INFO  LoginPage :59 - Enter Password : admin123 in password field [[ChromeDriver: chrome on windows (a626c1461b619b9e2a2b1a932d580ec2)] -> name: password]
2023-12-19 23:12:932 INFO  LoginPage :61 - clicking on login button : [[ChromeDriver: chrome on windows (a626c1461b619b9e2a2b1a932d580ec2)] -> xpath: //button[normalize-space()='Login']]
2023-12-19 23:12:184 INFO  HomePage :75 - Get logo : [[ChromeDriver: chrome on windows (a626c1461b619b9e2a2b1a932d580ec2)] -> xpath: //img[@alt='client brand banner']]
2023-12-19 23:12:400 INFO  LoginPage :57 - Enter username : Admin in user name field [[ChromeDriver: chrome on windows (a10a4d0806b556e217191a38ed511395)] -> name: username]
2023-12-19 23:12:667 INFO  LoginPage :59 - Enter Password : admin123 in password field [[ChromeDriver: chrome on windows (a10a4d0806b556e217191a38ed511395)] -> name: password]
2023-12-19 23:12:754 INFO  LoginPage :61 - clicking on login button : [[ChromeDriver: chrome on windows (a10a4d0806b556e217191a38ed511395)] -> xpath: //button[normalize-space()='Login']]
2023-12-19 23:12:525 INFO  HomePage :54 - Clicking on admin : [[ChromeDriver: chrome on windows (a10a4d0806b556e217191a38ed511395)] -> xpath: //li[1]//a[1]//span[1]]
2023-12-19 23:12:834 INFO  ViewSystemUsersPage :78 - Get system user text from : [[ChromeDriver: chrome on windows (a10a4d0806b556e217191a38ed511395)] -> xpath: //h5[normalize-space()='System Users']]
2023-12-19 23:12:571 INFO  ViewSystemUsersPage :120 - Clicking on add button : [[ChromeDriver: chrome on windows (a10a4d0806b556e217191a38ed511395)] -> xpath: //button[normalize-space()='Add']]
2023-12-19 23:12:841 INFO  AddUserPage :102 - Get add user text : [[ChromeDriver: chrome on windows (a10a4d0806b556e217191a38ed511395)] -> xpath: //h6[normalize-space()='Add User']]
2023-12-19 23:12:63 INFO  AddUserPage :56 - Select user role from: [[ChromeDriver: chrome on windows (a10a4d0806b556e217191a38ed511395)] -> css selector:  body > div:nth-child(3) > div:nth-child(1) > div:nth-child(2) > div:nth-child(2) > div:nth-child(1) > div:nth-child(1) > form:nth-child(3) > div:nth-child(1) > div:nth-child(1) > div:nth-child(1) > div:nth-child(1) > div:nth-child(2) > div:nth-child(1) > div:nth-child(1) > div:nth-child(1)]
2023-12-19 23:12:411 INFO  AddUserPage :66 - Enter employee name : Ananya Dash in employee field [[ChromeDriver: chrome on windows (a10a4d0806b556e217191a38ed511395)] -> xpath: //input[@placeholder='Type for hints...']]
2023-12-19 23:12:743 INFO  AddUserPage :61 - Enter user name : ananya12 in username field [[ChromeDriver: chrome on windows (a10a4d0806b556e217191a38ed511395)] -> xpath: (//input[@class='oxd-input oxd-input--active'])[2]]
2023-12-19 23:12:597 INFO  LoginPage :57 - Enter username : Admin in user name field [[ChromeDriver: chrome on windows (5f916852b15eb31cc1326802355cd874)] -> name: username]
2023-12-19 23:12:836 INFO  LoginPage :59 - Enter Password : admin123 in password field [[ChromeDriver: chrome on windows (5f916852b15eb31cc1326802355cd874)] -> name: password]
2023-12-19 23:12:757 INFO  LoginPage :61 - clicking on login button : [[ChromeDriver: chrome on windows (5f916852b15eb31cc1326802355cd874)] -> xpath: //button[normalize-space()='Login']]
2023-12-19 23:12:291 INFO  HomePage :54 - Clicking on admin : [[ChromeDriver: chrome on windows (5f916852b15eb31cc1326802355cd874)] -> xpath: //li[1]//a[1]//span[1]]
2023-12-19 23:12:617 INFO  ViewSystemUsersPage :78 - Get system user text from : [[ChromeDriver: chrome on windows (5f916852b15eb31cc1326802355cd874)] -> xpath: //h5[normalize-space()='System Users']]
2023-12-19 23:12:222 INFO  ViewSystemUsersPage :84 - Enter User name : Linda.Anderson in username field [[ChromeDriver: chrome on windows (5f916852b15eb31cc1326802355cd874)] -> xpath: //div[@class='oxd-input-group oxd-input-field-bottom-space']//div//input[@class='oxd-input oxd-input--active']]
2023-12-19 23:12:415 INFO  ViewSystemUsersPage :89 - Enter user role : Admin [[ChromeDriver: chrome on windows (5f916852b15eb31cc1326802355cd874)] -> xpath: (//div[contains(text(),'-- Select --')])[1]]
2023-12-19 23:12:654 INFO  ViewSystemUsersPage :99 - Enter status : Enabled in status box [[ChromeDriver: chrome on windows (5f916852b15eb31cc1326802355cd874)] -> xpath: (//div[contains(text(),'-- Select --')])[2]]
2023-12-19 23:12:941 INFO  ViewSystemUsersPage :104 - Clicking on search button : [[ChromeDriver: chrome on windows (5f916852b15eb31cc1326802355cd874)] -> xpath: //button[normalize-space()='Search']]
2023-12-19 23:12:72 INFO  ViewSystemUsersPage :131 - Get text : Linda.Anderson[[ChromeDriver: chrome on windows (5f916852b15eb31cc1326802355cd874)] -> xpath: //div[contains(text(),'Linda.Anderson')]]
2023-12-19 23:12:637 INFO  LoginPage :57 - Enter username : Admin in user name field [[ChromeDriver: chrome on windows (e66dbac02b25cc4c6b59075bfdb6b6a0)] -> name: username]
2023-12-19 23:12:873 INFO  LoginPage :59 - Enter Password : admin123 in password field [[ChromeDriver: chrome on windows (e66dbac02b25cc4c6b59075bfdb6b6a0)] -> name: password]
2023-12-19 23:12:855 INFO  LoginPage :61 - clicking on login button : [[ChromeDriver: chrome on windows (e66dbac02b25cc4c6b59075bfdb6b6a0)] -> xpath: //button[normalize-space()='Login']]
2023-12-19 23:12:188 INFO  DashboardPage :28 - Get dashboard text : [[ChromeDriver: chrome on windows (e66dbac02b25cc4c6b59075bfdb6b6a0)] -> xpath: //h6[normalize-space()='Dashboard']]
2023-12-19 23:12:458 INFO  LoginPage :57 - Enter username : Admin in user name field [[ChromeDriver: chrome on windows (ea158c22846750ff171712666db5a7a9)] -> name: username]
2023-12-19 23:12:672 INFO  LoginPage :59 - Enter Password : admin123 in password field [[ChromeDriver: chrome on windows (ea158c22846750ff171712666db5a7a9)] -> name: password]
2023-12-19 23:12:797 INFO  LoginPage :61 - clicking on login button : [[ChromeDriver: chrome on windows (ea158c22846750ff171712666db5a7a9)] -> xpath: //button[normalize-space()='Login']]
2023-12-19 23:12:246 INFO  HomePage :54 - Clicking on admin : [[ChromeDriver: chrome on windows (ea158c22846750ff171712666db5a7a9)] -> xpath: //li[1]//a[1]//span[1]]
2023-12-19 23:12:553 INFO  ViewSystemUsersPage :78 - Get system user text from : [[ChromeDriver: chrome on windows (ea158c22846750ff171712666db5a7a9)] -> xpath: //h5[normalize-space()='System Users']]
2023-12-19 23:12:252 INFO  ViewSystemUsersPage :120 - Clicking on add button : [[ChromeDriver: chrome on windows (ea158c22846750ff171712666db5a7a9)] -> xpath: //button[normalize-space()='Add']]
2023-12-19 23:12:654 INFO  AddUserPage :102 - Get add user text : [[ChromeDriver: chrome on windows (ea158c22846750ff171712666db5a7a9)] -> xpath: //h6[normalize-space()='Add User']]
2023-12-19 23:12:844 INFO  AddUserPage :56 - Select user role from: [[ChromeDriver: chrome on windows (ea158c22846750ff171712666db5a7a9)] -> css selector:  body > div:nth-child(3) > div:nth-child(1) > div:nth-child(2) > div:nth-child(2) > div:nth-child(1) > div:nth-child(1) > form:nth-child(3) > div:nth-child(1) > div:nth-child(1) > div:nth-child(1) > div:nth-child(1) > div:nth-child(2) > div:nth-child(1) > div:nth-child(1) > div:nth-child(1)]
2023-12-19 23:12:153 INFO  AddUserPage :66 - Enter employee name : Ananya Dash in employee field [[ChromeDriver: chrome on windows (ea158c22846750ff171712666db5a7a9)] -> xpath: //input[@placeholder='Type for hints...']]
2023-12-19 23:12:459 INFO  AddUserPage :61 - Enter user name : ananya12 in username field [[ChromeDriver: chrome on windows (ea158c22846750ff171712666db5a7a9)] -> xpath: (//input[@class='oxd-input oxd-input--active'])[2]]
