2023-12-18 15:12:335 INFO  HomePage :49 - Clicking on Login Link:[[ChromeDriver: chrome on windows (c5e7d31f3c26435aef9660b3c799ca44)] -> xpath: //a[contains(text(),'Log in')]]
2023-12-18 15:12:247 INFO  HomePage :36 - Veriying Welcome Text:[[ChromeDriver: chrome on windows (c5e7d31f3c26435aef9660b3c799ca44)] -> xpath: //h1[contains(text(),'Welcome, Please Sign In!')]]
2023-12-18 15:12:539 INFO  HomePage :49 - Clicking on Login Link:[[ChromeDriver: chrome on windows (9a82a9006492da6b6c9912dce257d273)] -> xpath: //a[contains(text(),'Log in')]]
2023-12-18 15:12:157 INFO  HomePage :41 - Enter Email:[[ChromeDriver: chrome on windows (9a82a9006492da6b6c9912dce257d273)] -> id: Email]
2023-12-18 15:12:468 INFO  HomePage :46 - Enter Password:[[ChromeDriver: chrome on windows (9a82a9006492da6b6c9912dce257d273)] -> name: Password]
2023-12-18 15:12:667 INFO  HomePage :51 - Clicking on Login Button:[[ChromeDriver: chrome on windows (9a82a9006492da6b6c9912dce257d273)] -> xpath: //button[contains(text(),'Log in')]]
2023-12-18 15:12:146 INFO  HomePage :56 - Veriying Error Message Topmenu:[[ChromeDriver: chrome on windows (9a82a9006492da6b6c9912dce257d273)] -> xpath: //div[@class='message-error validation-summary-errors']]
2023-12-18 15:12:261 INFO  HomePage :49 - Clicking on Login Link:[[ChromeDriver: chrome on windows (62e37ef7a34f8f85b53f1dac1695672e)] -> xpath: //a[contains(text(),'Log in')]]
2023-12-18 15:12:216 INFO  HomePage :41 - Enter Email:[[ChromeDriver: chrome on windows (62e37ef7a34f8f85b53f1dac1695672e)] -> id: Email]
2023-12-18 15:12:537 INFO  HomePage :46 - Enter Password:[[ChromeDriver: chrome on windows (62e37ef7a34f8f85b53f1dac1695672e)] -> name: Password]
2023-12-18 15:12:689 INFO  HomePage :51 - Clicking on Login Button:[[ChromeDriver: chrome on windows (62e37ef7a34f8f85b53f1dac1695672e)] -> xpath: //button[contains(text(),'Log in')]]
2023-12-18 15:12:92 INFO  HomePage :61 - Verify Logout Link DIsplayed:Proxy element for: DefaultElementLocator 'By.xpath: //a[contains(text(),'Log out')]'
2023-12-18 15:12:524 INFO  HomePage :49 - Clicking on Login Link:[[ChromeDriver: chrome on windows (3aeafabbd8dbc928c37d9f90f0e31934)] -> xpath: //a[contains(text(),'Log in')]]
2023-12-18 15:12:610 INFO  HomePage :36 - Veriying Welcome Text:[[ChromeDriver: chrome on windows (3aeafabbd8dbc928c37d9f90f0e31934)] -> xpath: //h1[contains(text(),'Welcome, Please Sign In!')]]
2023-12-18 15:12:166 INFO  HomePage :49 - Clicking on Login Link:[[ChromeDriver: chrome on windows (2a1827dc86bc9c2e1e2995100ff67222)] -> xpath: //a[contains(text(),'Log in')]]
2023-12-18 15:12:132 INFO  HomePage :41 - Enter Email:[[ChromeDriver: chrome on windows (2a1827dc86bc9c2e1e2995100ff67222)] -> id: Email]
2023-12-18 15:12:465 INFO  HomePage :46 - Enter Password:[[ChromeDriver: chrome on windows (2a1827dc86bc9c2e1e2995100ff67222)] -> name: Password]
2023-12-18 15:12:688 INFO  HomePage :51 - Clicking on Login Button:[[ChromeDriver: chrome on windows (2a1827dc86bc9c2e1e2995100ff67222)] -> xpath: //button[contains(text(),'Log in')]]
2023-12-18 15:12:86 INFO  HomePage :56 - Veriying Error Message Topmenu:[[ChromeDriver: chrome on windows (2a1827dc86bc9c2e1e2995100ff67222)] -> xpath: //div[@class='message-error validation-summary-errors']]
2023-12-18 15:12:697 INFO  HomePage :49 - Clicking on Login Link:[[ChromeDriver: chrome on windows (bf0fd1ac99c8ce42be3bf51e6e2b6e26)] -> xpath: //a[contains(text(),'Log in')]]
2023-12-18 15:12:678 INFO  HomePage :41 - Enter Email:[[ChromeDriver: chrome on windows (bf0fd1ac99c8ce42be3bf51e6e2b6e26)] -> id: Email]
2023-12-18 15:12:917 INFO  HomePage :46 - Enter Password:[[ChromeDriver: chrome on windows (bf0fd1ac99c8ce42be3bf51e6e2b6e26)] -> name: Password]
2023-12-18 15:12:101 INFO  HomePage :51 - Clicking on Login Button:[[ChromeDriver: chrome on windows (bf0fd1ac99c8ce42be3bf51e6e2b6e26)] -> xpath: //button[contains(text(),'Log in')]]
2023-12-18 15:12:494 INFO  HomePage :49 - Clicking on Login Link:[[ChromeDriver: chrome on windows (9c4e6b6d3a977602c54dbe80c1598dd2)] -> xpath: //a[contains(text(),'Log in')]]
2023-12-18 15:12:432 INFO  HomePage :41 - Enter Email:[[ChromeDriver: chrome on windows (9c4e6b6d3a977602c54dbe80c1598dd2)] -> id: Email]
2023-12-18 15:12:550 INFO  HomePage :46 - Enter Password:[[ChromeDriver: chrome on windows (9c4e6b6d3a977602c54dbe80c1598dd2)] -> name: Password]
2023-12-18 15:12:725 INFO  HomePage :51 - Clicking on Login Button:[[ChromeDriver: chrome on windows (9c4e6b6d3a977602c54dbe80c1598dd2)] -> xpath: //button[contains(text(),'Log in')]]
2023-12-18 15:12:981 INFO  HomePage :49 - Clicking on Login Link:[[ChromeDriver: chrome on windows (3c40128c691a155a1f7694c0aecedf1f)] -> xpath: //a[contains(text(),'Log in')]]
2023-12-18 15:12:130 INFO  HomePage :41 - Enter Email:[[ChromeDriver: chrome on windows (3c40128c691a155a1f7694c0aecedf1f)] -> id: Email]
2023-12-18 15:12:402 INFO  HomePage :46 - Enter Password:[[ChromeDriver: chrome on windows (3c40128c691a155a1f7694c0aecedf1f)] -> name: Password]
2023-12-18 15:12:618 INFO  HomePage :51 - Clicking on Login Button:[[ChromeDriver: chrome on windows (3c40128c691a155a1f7694c0aecedf1f)] -> xpath: //button[contains(text(),'Log in')]]
2023-12-18 15:12:123 INFO  HomePage :49 - Clicking on Login Link:[[ChromeDriver: chrome on windows (893964c145e29035306009d28684653c)] -> xpath: //a[contains(text(),'Log in')]]
2023-12-18 15:12:307 INFO  HomePage :36 - Veriying Welcome Text:[[ChromeDriver: chrome on windows (893964c145e29035306009d28684653c)] -> xpath: //h1[contains(text(),'Welcome, Please Sign In!')]]
2023-12-18 15:12:248 INFO  HomePage :49 - Clicking on Login Link:[[ChromeDriver: chrome on windows (71e4f1d9fca5eb7bc886688e0d7c45a9)] -> xpath: //a[contains(text(),'Log in')]]
2023-12-18 15:12:427 INFO  HomePage :41 - Enter Email:[[ChromeDriver: chrome on windows (71e4f1d9fca5eb7bc886688e0d7c45a9)] -> id: Email]
2023-12-18 15:12:719 INFO  HomePage :46 - Enter Password:[[ChromeDriver: chrome on windows (71e4f1d9fca5eb7bc886688e0d7c45a9)] -> name: Password]
2023-12-18 15:12:45 INFO  HomePage :51 - Clicking on Login Button:[[ChromeDriver: chrome on windows (71e4f1d9fca5eb7bc886688e0d7c45a9)] -> xpath: //button[contains(text(),'Log in')]]
2023-12-18 15:12:437 INFO  HomePage :56 - Veriying Error Message Topmenu:[[ChromeDriver: chrome on windows (71e4f1d9fca5eb7bc886688e0d7c45a9)] -> xpath: //div[@class='message-error validation-summary-errors']]
2023-12-18 15:12:594 INFO  HomePage :49 - Clicking on Login Link:[[ChromeDriver: chrome on windows (b0d6d0ef88d4bf518deb160805d36cc6)] -> xpath: //a[contains(text(),'Log in')]]
2023-12-18 15:12:599 INFO  HomePage :41 - Enter Email:[[ChromeDriver: chrome on windows (b0d6d0ef88d4bf518deb160805d36cc6)] -> id: Email]
2023-12-18 15:12:938 INFO  HomePage :46 - Enter Password:[[ChromeDriver: chrome on windows (b0d6d0ef88d4bf518deb160805d36cc6)] -> name: Password]
2023-12-18 15:12:129 INFO  HomePage :51 - Clicking on Login Button:[[ChromeDriver: chrome on windows (b0d6d0ef88d4bf518deb160805d36cc6)] -> xpath: //button[contains(text(),'Log in')]]
2023-12-18 15:12:664 INFO  HomePage :61 - Verify Logout Link DIsplayed:Proxy element for: DefaultElementLocator 'By.xpath: //a[contains(text(),'Log out')]'
2023-12-19 14:12:735 INFO  HomePage :49 - Clicking on Login Link:[[ChromeDriver: chrome on windows (d8eba89825702f8f387d0548152edf6b)] -> xpath: //a[contains(text(),'Log in')]]
2023-12-19 14:12:770 INFO  HomePage :36 - Veriying Welcome Text:[[ChromeDriver: chrome on windows (d8eba89825702f8f387d0548152edf6b)] -> xpath: //h1[contains(text(),'Welcome, Please Sign In!')]]
2023-12-19 14:12:401 INFO  HomePage :49 - Clicking on Login Link:[[ChromeDriver: chrome on windows (dfe2dcc0eef488511e85268423e6a965)] -> xpath: //a[contains(text(),'Log in')]]
2023-12-19 14:12:416 INFO  HomePage :41 - Enter Email:[[ChromeDriver: chrome on windows (dfe2dcc0eef488511e85268423e6a965)] -> id: Email]
2023-12-19 14:12:710 INFO  HomePage :46 - Enter Password:[[ChromeDriver: chrome on windows (dfe2dcc0eef488511e85268423e6a965)] -> name: Password]
2023-12-19 14:12:907 INFO  HomePage :51 - Clicking on Login Button:[[ChromeDriver: chrome on windows (dfe2dcc0eef488511e85268423e6a965)] -> xpath: //button[contains(text(),'Log in')]]
2023-12-19 14:12:389 INFO  HomePage :56 - Veriying Error Message Topmenu:[[ChromeDriver: chrome on windows (dfe2dcc0eef488511e85268423e6a965)] -> xpath: //div[@class='message-error validation-summary-errors']]
2023-12-19 14:12:286 INFO  HomePage :49 - Clicking on Login Link:[[ChromeDriver: chrome on windows (982a50e03eaf16db8d4bc7b6dc5b0dd7)] -> xpath: //a[contains(text(),'Log in')]]
2023-12-19 14:12:175 INFO  HomePage :41 - Enter Email:[[ChromeDriver: chrome on windows (982a50e03eaf16db8d4bc7b6dc5b0dd7)] -> id: Email]
2023-12-19 14:12:506 INFO  HomePage :46 - Enter Password:[[ChromeDriver: chrome on windows (982a50e03eaf16db8d4bc7b6dc5b0dd7)] -> name: Password]
2023-12-19 14:12:687 INFO  HomePage :51 - Clicking on Login Button:[[ChromeDriver: chrome on windows (982a50e03eaf16db8d4bc7b6dc5b0dd7)] -> xpath: //button[contains(text(),'Log in')]]
2023-12-19 14:12:535 INFO  HomePage :61 - Verify Logout Link DIsplayed:Proxy element for: DefaultElementLocator 'By.xpath: //a[contains(text(),'Log out')]'
2023-12-19 14:12:53 INFO  HomePage :49 - Clicking on Login Link:[[ChromeDriver: chrome on windows (943c3cb07eb8c264b62abe7cccb34140)] -> xpath: //a[contains(text(),'Log in')]]
2023-12-19 14:12:116 INFO  HomePage :36 - Veriying Welcome Text:[[ChromeDriver: chrome on windows (943c3cb07eb8c264b62abe7cccb34140)] -> xpath: //h1[contains(text(),'Welcome, Please Sign In!')]]
2023-12-19 14:12:204 INFO  HomePage :49 - Clicking on Login Link:[[ChromeDriver: chrome on windows (30e6585d701881cf20b8532ca0fa891e)] -> xpath: //a[contains(text(),'Log in')]]
2023-12-19 14:12:330 INFO  HomePage :41 - Enter Email:[[ChromeDriver: chrome on windows (30e6585d701881cf20b8532ca0fa891e)] -> id: Email]
2023-12-19 14:12:505 INFO  HomePage :46 - Enter Password:[[ChromeDriver: chrome on windows (30e6585d701881cf20b8532ca0fa891e)] -> name: Password]
2023-12-19 14:12:631 INFO  HomePage :51 - Clicking on Login Button:[[ChromeDriver: chrome on windows (30e6585d701881cf20b8532ca0fa891e)] -> xpath: //button[contains(text(),'Log in')]]
2023-12-19 14:12:950 INFO  HomePage :56 - Veriying Error Message Topmenu:[[ChromeDriver: chrome on windows (30e6585d701881cf20b8532ca0fa891e)] -> xpath: //div[@class='message-error validation-summary-errors']]
2023-12-19 14:12:855 INFO  HomePage :49 - Clicking on Login Link:[[ChromeDriver: chrome on windows (12d1ca1dd362ffeaca25445844e22b9e)] -> xpath: //a[contains(text(),'Log in')]]
2023-12-19 14:12:74 INFO  HomePage :41 - Enter Email:[[ChromeDriver: chrome on windows (12d1ca1dd362ffeaca25445844e22b9e)] -> id: Email]
2023-12-19 14:12:342 INFO  HomePage :46 - Enter Password:[[ChromeDriver: chrome on windows (12d1ca1dd362ffeaca25445844e22b9e)] -> name: Password]
2023-12-19 14:12:603 INFO  HomePage :51 - Clicking on Login Button:[[ChromeDriver: chrome on windows (12d1ca1dd362ffeaca25445844e22b9e)] -> xpath: //button[contains(text(),'Log in')]]
2023-12-19 14:12:02 INFO  HomePage :61 - Verify Logout Link DIsplayed:Proxy element for: DefaultElementLocator 'By.xpath: //a[contains(text(),'Log out')]'
2023-12-19 14:12:883 INFO  HomePage :49 - Clicking on Login Link:[[ChromeDriver: chrome on windows (ab3c61470552a7db52479addefe60e2e)] -> xpath: //a[contains(text(),'Log in')]]
2023-12-19 14:12:912 INFO  HomePage :41 - Enter Email:[[ChromeDriver: chrome on windows (ab3c61470552a7db52479addefe60e2e)] -> id: Email]
2023-12-19 14:12:145 INFO  HomePage :46 - Enter Password:[[ChromeDriver: chrome on windows (ab3c61470552a7db52479addefe60e2e)] -> name: Password]
2023-12-19 14:12:323 INFO  HomePage :51 - Clicking on Login Button:[[ChromeDriver: chrome on windows (ab3c61470552a7db52479addefe60e2e)] -> xpath: //button[contains(text(),'Log in')]]
2023-12-19 14:12:831 INFO  HomePage :61 - Verify Logout Link DIsplayed:Proxy element for: DefaultElementLocator 'By.xpath: //a[contains(text(),'Log out')]'
2023-12-19 15:12:868 INFO  HomePage :49 - Clicking on Login Link:[[ChromeDriver: chrome on windows (4f9ed6cbe05b3ef81dbddec471ad9c79)] -> xpath: //a[contains(text(),'Log in')]]
2023-12-19 15:12:951 INFO  HomePage :36 - Veriying Welcome Text:[[ChromeDriver: chrome on windows (4f9ed6cbe05b3ef81dbddec471ad9c79)] -> xpath: //h1[contains(text(),'Welcome, Please Sign In!')]]
2023-12-19 15:12:986 INFO  HomePage :49 - Clicking on Login Link:[[ChromeDriver: chrome on windows (cd446747333e290b17e65876fdac299f)] -> xpath: //a[contains(text(),'Log in')]]
2023-12-19 15:12:44 INFO  HomePage :41 - Enter Email:[[ChromeDriver: chrome on windows (cd446747333e290b17e65876fdac299f)] -> id: Email]
2023-12-19 15:12:328 INFO  HomePage :46 - Enter Password:[[ChromeDriver: chrome on windows (cd446747333e290b17e65876fdac299f)] -> name: Password]
2023-12-19 15:12:597 INFO  HomePage :51 - Clicking on Login Button:[[ChromeDriver: chrome on windows (cd446747333e290b17e65876fdac299f)] -> xpath: //button[contains(text(),'Log in')]]
2023-12-19 15:12:29 INFO  HomePage :56 - Veriying Error Message Topmenu:[[ChromeDriver: chrome on windows (cd446747333e290b17e65876fdac299f)] -> xpath: //div[@class='message-error validation-summary-errors']]
2023-12-19 15:12:984 INFO  HomePage :49 - Clicking on Login Link:[[ChromeDriver: chrome on windows (c263f86a15801a9a723d6a0bd0f77a66)] -> xpath: //a[contains(text(),'Log in')]]
2023-12-19 15:12:169 INFO  HomePage :41 - Enter Email:[[ChromeDriver: chrome on windows (c263f86a15801a9a723d6a0bd0f77a66)] -> id: Email]
2023-12-19 15:12:311 INFO  HomePage :46 - Enter Password:[[ChromeDriver: chrome on windows (c263f86a15801a9a723d6a0bd0f77a66)] -> name: Password]
2023-12-19 15:12:422 INFO  HomePage :51 - Clicking on Login Button:[[ChromeDriver: chrome on windows (c263f86a15801a9a723d6a0bd0f77a66)] -> xpath: //button[contains(text(),'Log in')]]
2023-12-19 15:12:767 INFO  HomePage :61 - Verify Logout Link DIsplayed:Proxy element for: DefaultElementLocator 'By.xpath: //a[contains(text(),'Log out')]'
2023-12-19 17:12:316 INFO  HomePage :49 - Clicking on Login Link:[[ChromeDriver: chrome on windows (2301fd7502e4dd51598524b73aff9dc5)] -> xpath: //a[contains(text(),'Log in')]]
2023-12-19 17:12:322 INFO  HomePage :36 - Veriying Welcome Text:[[ChromeDriver: chrome on windows (2301fd7502e4dd51598524b73aff9dc5)] -> xpath: //h1[contains(text(),'Welcome, Please Sign In!')]]
2023-12-19 17:12:400 INFO  HomePage :49 - Clicking on Login Link:[[ChromeDriver: chrome on windows (6634588f1ac8849895e3ead7f701a4cc)] -> xpath: //a[contains(text(),'Log in')]]
2023-12-19 17:12:385 INFO  HomePage :41 - Enter Email:[[ChromeDriver: chrome on windows (6634588f1ac8849895e3ead7f701a4cc)] -> id: Email]
2023-12-19 17:12:615 INFO  HomePage :46 - Enter Password:[[ChromeDriver: chrome on windows (6634588f1ac8849895e3ead7f701a4cc)] -> name: Password]
2023-12-19 17:12:835 INFO  HomePage :51 - Clicking on Login Button:[[ChromeDriver: chrome on windows (6634588f1ac8849895e3ead7f701a4cc)] -> xpath: //button[contains(text(),'Log in')]]
2023-12-19 17:12:197 INFO  HomePage :56 - Veriying Error Message Topmenu:[[ChromeDriver: chrome on windows (6634588f1ac8849895e3ead7f701a4cc)] -> xpath: //div[@class='message-error validation-summary-errors']]
2023-12-19 17:12:325 INFO  HomePage :49 - Clicking on Login Link:[[ChromeDriver: chrome on windows (e8fb20a0b0f09c65854ada98a4fcdb07)] -> xpath: //a[contains(text(),'Log in')]]
2023-12-19 17:12:402 INFO  HomePage :41 - Enter Email:[[ChromeDriver: chrome on windows (e8fb20a0b0f09c65854ada98a4fcdb07)] -> id: Email]
2023-12-19 17:12:617 INFO  HomePage :46 - Enter Password:[[ChromeDriver: chrome on windows (e8fb20a0b0f09c65854ada98a4fcdb07)] -> name: Password]
2023-12-19 17:12:773 INFO  HomePage :51 - Clicking on Login Button:[[ChromeDriver: chrome on windows (e8fb20a0b0f09c65854ada98a4fcdb07)] -> xpath: //button[contains(text(),'Log in')]]
2023-12-19 17:12:253 INFO  HomePage :61 - Verify Logout Link DIsplayed:Proxy element for: DefaultElementLocator 'By.xpath: //a[contains(text(),'Log out')]'
2023-12-19 18:12:06 INFO  HomePage :49 - Clicking on Login Link:[[ChromeDriver: chrome on windows (bdb2a9eb3a62e5ed5fe73f176fae86ab)] -> xpath: //a[contains(text(),'Log in')]]
2023-12-19 18:12:41 INFO  HomePage :36 - Veriying Welcome Text:[[ChromeDriver: chrome on windows (bdb2a9eb3a62e5ed5fe73f176fae86ab)] -> xpath: //h1[contains(text(),'Welcome, Please Sign In!')]]
2023-12-19 18:12:744 INFO  HomePage :49 - Clicking on Login Link:[[ChromeDriver: chrome on windows (39279872206e67ebad8a4aa02e94c24e)] -> xpath: //a[contains(text(),'Log in')]]
2023-12-19 18:12:787 INFO  HomePage :41 - Enter Email:[[ChromeDriver: chrome on windows (39279872206e67ebad8a4aa02e94c24e)] -> id: Email]
2023-12-19 18:12:55 INFO  HomePage :46 - Enter Password:[[ChromeDriver: chrome on windows (39279872206e67ebad8a4aa02e94c24e)] -> name: Password]
2023-12-19 18:12:237 INFO  HomePage :51 - Clicking on Login Button:[[ChromeDriver: chrome on windows (39279872206e67ebad8a4aa02e94c24e)] -> xpath: //button[contains(text(),'Log in')]]
2023-12-19 18:12:628 INFO  HomePage :56 - Veriying Error Message Topmenu:[[ChromeDriver: chrome on windows (39279872206e67ebad8a4aa02e94c24e)] -> xpath: //div[@class='message-error validation-summary-errors']]
2023-12-19 18:12:226 INFO  HomePage :49 - Clicking on Login Link:[[ChromeDriver: chrome on windows (d8b646a05930e10239e1f232e6135be3)] -> xpath: //a[contains(text(),'Log in')]]
2023-12-19 18:12:374 INFO  HomePage :41 - Enter Email:[[ChromeDriver: chrome on windows (d8b646a05930e10239e1f232e6135be3)] -> id: Email]
2023-12-19 18:12:585 INFO  HomePage :46 - Enter Password:[[ChromeDriver: chrome on windows (d8b646a05930e10239e1f232e6135be3)] -> name: Password]
2023-12-19 18:12:743 INFO  HomePage :51 - Clicking on Login Button:[[ChromeDriver: chrome on windows (d8b646a05930e10239e1f232e6135be3)] -> xpath: //button[contains(text(),'Log in')]]
2023-12-19 18:12:123 INFO  HomePage :61 - Verify Logout Link DIsplayed:Proxy element for: DefaultElementLocator 'By.xpath: //a[contains(text(),'Log out')]'
2023-12-19 23:12:601 INFO  HomePage :49 - Clicking on Login Link:[[ChromeDriver: chrome on windows (1af127b2b483d1fbb911e3da67470a69)] -> xpath: //a[contains(text(),'Log in')]]
2023-12-19 23:12:770 INFO  HomePage :36 - Veriying Welcome Text:[[ChromeDriver: chrome on windows (1af127b2b483d1fbb911e3da67470a69)] -> xpath: //h1[contains(text(),'Welcome, Please Sign In!')]]
2023-12-19 23:12:476 INFO  HomePage :49 - Clicking on Login Link:[[ChromeDriver: chrome on windows (9bcd9ab9c4f4274e75f5ba4e451d3346)] -> xpath: //a[contains(text(),'Log in')]]
2023-12-19 23:12:670 INFO  HomePage :41 - Enter Email:[[ChromeDriver: chrome on windows (9bcd9ab9c4f4274e75f5ba4e451d3346)] -> id: Email]
2023-12-19 23:12:73 INFO  HomePage :46 - Enter Password:[[ChromeDriver: chrome on windows (9bcd9ab9c4f4274e75f5ba4e451d3346)] -> name: Password]
2023-12-19 23:12:412 INFO  HomePage :51 - Clicking on Login Button:[[ChromeDriver: chrome on windows (9bcd9ab9c4f4274e75f5ba4e451d3346)] -> xpath: //button[contains(text(),'Log in')]]
2023-12-19 23:12:939 INFO  HomePage :56 - Veriying Error Message Topmenu:[[ChromeDriver: chrome on windows (9bcd9ab9c4f4274e75f5ba4e451d3346)] -> xpath: //div[@class='message-error validation-summary-errors']]
2023-12-19 23:12:302 INFO  HomePage :49 - Clicking on Login Link:[[ChromeDriver: chrome on windows (978f112547c88457403f263791a25c43)] -> xpath: //a[contains(text(),'Log in')]]
2023-12-19 23:12:427 INFO  HomePage :41 - Enter Email:[[ChromeDriver: chrome on windows (978f112547c88457403f263791a25c43)] -> id: Email]
2023-12-19 23:12:880 INFO  HomePage :46 - Enter Password:[[ChromeDriver: chrome on windows (978f112547c88457403f263791a25c43)] -> name: Password]
2023-12-19 23:12:201 INFO  HomePage :51 - Clicking on Login Button:[[ChromeDriver: chrome on windows (978f112547c88457403f263791a25c43)] -> xpath: //button[contains(text(),'Log in')]]
2023-12-19 23:12:728 INFO  HomePage :61 - Verify Logout Link DIsplayed:Proxy element for: DefaultElementLocator 'By.xpath: //a[contains(text(),'Log out')]'
